<?xml version="1.0" encoding="UTF-8"?>
<!-- Generated by org.testng.reporters.JUnitReportReporter -->
<testsuite hostname="DESKTOP-MD06342" failures="0" tests="1" name="Schoolshopper.login" time="4.318" errors="0" timestamp="2025-03-18T20:05:52 IST" skipped="0">
  <testcase classname="Schoolshopper.login" name="login" time="4.318"/>
</testsuite> <!-- Schoolshopper.login -->
